13:32:13.294 [main] INFO com.hemant.webapp.SpringBootRegistrationLoginApplication - App Started
2021-04-30 13:32:14.137  INFO 1 --- [           main] w.SpringBootRegistrationLoginApplication : Starting SpringBootRegistrationLoginApplication v0.0.1-SNAPSHOT using Java 1.8.0_292 on webapp with PID 1 (/app/jar/regapp-0.0.1-SNAPSHOT.jar started by webapp in /)
2021-04-30 13:32:14.140  INFO 1 --- [           main] w.SpringBootRegistrationLoginApplication : No active profile set, falling back to default profiles: default
2021-04-30 13:32:15.435  INFO 1 --- [           main] .s.d.r.c.RepositoryConfigurationDelegate : Bootstrapping Spring Data JPA repositories in DEFAULT mode.
2021-04-30 13:32:15.538  INFO 1 --- [           main] .s.d.r.c.RepositoryConfigurationDelegate : Finished Spring Data repository scanning in 70 ms. Found 1 JPA repository interfaces.
2021-04-30 13:32:16.538  INFO 1 --- [           main] o.s.b.w.embedded.tomcat.TomcatWebServer  : Tomcat initialized with port(s): 8080 (http)
2021-04-30 13:32:16.554  INFO 1 --- [           main] o.apache.catalina.core.StandardService   : Starting service [Tomcat]
2021-04-30 13:32:16.554  INFO 1 --- [           main] org.apache.catalina.core.StandardEngine  : Starting Servlet engine: [Apache Tomcat/9.0.45]
2021-04-30 13:32:16.648  INFO 1 --- [           main] o.a.c.c.C.[Tomcat].[localhost].[/]       : Initializing Spring embedded WebApplicationContext
2021-04-30 13:32:16.649  INFO 1 --- [           main] w.s.c.ServletWebServerApplicationContext : Root WebApplicationContext: initialization completed in 2422 ms
2021-04-30 13:32:17.409  INFO 1 --- [           main] org.hibernate.Version                    : HHH000412: Hibernate ORM core version 5.4.30.Final
2021-04-30 13:32:17.619  INFO 1 --- [           main] o.hibernate.annotations.common.Version   : HCANN000001: Hibernate Commons Annotations {5.1.2.Final}
2021-04-30 13:32:17.826  INFO 1 --- [           main] com.zaxxer.hikari.HikariDataSource       : HikariPool-1 - Starting...
2021-04-30 13:32:18.114  INFO 1 --- [           main] com.zaxxer.hikari.HikariDataSource       : HikariPool-1 - Start completed.
2021-04-30 13:32:18.162  INFO 1 --- [           main] org.hibernate.dialect.Dialect            : HHH000400: Using dialect: org.hibernate.dialect.MySQL55Dialect
2021-04-30 13:32:19.037  INFO 1 --- [           main] o.h.e.t.j.p.i.JtaPlatformInitiator       : HHH000490: Using JtaPlatform implementation: [org.hibernate.engine.transaction.jta.platform.internal.NoJtaPlatform]
2021-04-30 13:32:19.052  INFO 1 --- [           main] j.LocalContainerEntityManagerFactoryBean : Initialized JPA EntityManagerFactory for persistence unit 'default'
2021-04-30 13:32:20.026  INFO 1 --- [           main] o.s.s.web.DefaultSecurityFilterChain     : Will secure any request with [org.springframework.security.web.context.request.async.WebAsyncManagerIntegrationFilter@1dd6d4b7, org.springframework.security.web.context.SecurityContextPersistenceFilter@260e86a1, org.springframework.security.web.header.HeaderWriterFilter@615091b8, org.springframework.security.web.csrf.CsrfFilter@299321e2, org.springframework.security.web.authentication.logout.LogoutFilter@7cbc3762, org.springframework.security.web.authentication.UsernamePasswordAuthenticationFilter@60957c0f, org.springframework.security.web.authentication.ui.DefaultLoginPageGeneratingFilter@5b068087, org.springframework.security.web.authentication.ui.DefaultLogoutPageGeneratingFilter@56e8b606, org.springframework.security.web.savedrequest.RequestCacheAwareFilter@12bd8a64, org.springframework.security.web.servletapi.SecurityContextHolderAwareRequestFilter@ebb6851, org.springframework.security.web.authentication.AnonymousAuthenticationFilter@2dd29a59, org.springframework.security.web.session.SessionManagementFilter@4aa83f4f, org.springframework.security.web.access.ExceptionTranslationFilter@1d131e1b, org.springframework.security.web.access.intercept.FilterSecurityInterceptor@616fe72b]
2021-04-30 13:32:20.287  INFO 1 --- [           main] o.s.s.concurrent.ThreadPoolTaskExecutor  : Initializing ExecutorService 'applicationTaskExecutor'
2021-04-30 13:32:20.629  INFO 1 --- [           main] o.s.b.a.w.s.WelcomePageHandlerMapping    : Adding welcome page template: index
2021-04-30 13:32:21.526  INFO 1 --- [           main] o.s.b.w.embedded.tomcat.TomcatWebServer  : Tomcat started on port(s): 8080 (http) with context path ''
2021-04-30 13:32:21.563  INFO 1 --- [           main] w.SpringBootRegistrationLoginApplication : Started SpringBootRegistrationLoginApplication in 8.048 seconds (JVM running for 8.827)
2021-04-30 13:32:48.200  INFO 1 --- [nio-8080-exec-1] o.a.c.c.C.[Tomcat].[localhost].[/]       : Initializing Spring DispatcherServlet 'dispatcherServlet'
2021-04-30 13:32:48.200  INFO 1 --- [nio-8080-exec-1] o.s.web.servlet.DispatcherServlet        : Initializing Servlet 'dispatcherServlet'
2021-04-30 13:32:48.201  INFO 1 --- [nio-8080-exec-1] o.s.web.servlet.DispatcherServlet        : Completed initialization in 1 ms
2021-04-30 13:33:13.507  INFO 1 --- [nio-8080-exec-3] com.hemant.webapp.AppController          : Index Page
2021-04-30 13:34:11.585  INFO 1 --- [extShutdownHook] o.s.s.concurrent.ThreadPoolTaskExecutor  : Shutting down ExecutorService 'applicationTaskExecutor'
2021-04-30 13:34:11.586  INFO 1 --- [extShutdownHook] j.LocalContainerEntityManagerFactoryBean : Closing JPA EntityManagerFactory for persistence unit 'default'
2021-04-30 13:34:11.590  INFO 1 --- [extShutdownHook] com.zaxxer.hikari.HikariDataSource       : HikariPool-1 - Shutdown initiated...
2021-04-30 13:34:11.606  INFO 1 --- [extShutdownHook] com.zaxxer.hikari.HikariDataSource       : HikariPool-1 - Shutdown completed.
